<?xml version="1.0" encoding="UTF-8"?>
<!-- Generated by org.testng.reporters.JUnitReportReporter -->
<testsuite hostname="sys" name="com.sample.testng.SampleTestNG4" tests="2" failures="0" timestamp="16 Mar 2016 03:36:49 GMT" time="0.010" errors="0">
  <testcase name="search" time="0.010" classname="com.sample.testng.SampleTestNG4"/>
  <testcase name="advancedSearch" time="0.000" classname="com.sample.testng.SampleTestNG4"/>
</testsuite> <!-- com.sample.testng.SampleTestNG4 -->
