<?xml version="1.0" encoding="UTF-8"?>
<!-- Generated by org.testng.reporters.JUnitReportReporter -->
<testsuite hostname="sys" name="com.sample.testng.SampleTestNG3" tests="2" failures="0" timestamp="17 Mar 2016 03:28:53 GMT" time="0.000" errors="0">
  <testcase name="advancedSearch" time="0.000" classname="com.sample.testng.SampleTestNG3"/>
  <testcase name="search" time="0.000" classname="com.sample.testng.SampleTestNG3"/>
</testsuite> <!-- com.sample.testng.SampleTestNG3 -->
