<?xml version="1.0" encoding="UTF-8"?>
<!-- Generated by org.testng.reporters.JUnitReportReporter -->
<testsuite hostname="sys" name="com.sample.testng.GroupTests" tests="3" failures="0" timestamp="17 Mar 2016 03:38:35 GMT" time="0.020" errors="0">
  <testcase name="C" time="0.000" classname="com.sample.testng.GroupTests"/>
  <testcase name="E" time="0.000" classname="com.sample.testng.GroupTests"/>
  <testcase name="A" time="0.020" classname="com.sample.testng.GroupTests"/>
</testsuite> <!-- com.sample.testng.GroupTests -->
